# Necessary packages
hyprpaper
hyprlock
hypridle
hyprpicker
wl-clipboard
grim
slurp
brightnessctl
playerctl
ttf-jetbrains-mono
noto-fonts
noto-fonts-cjk
noto-fonts-emoji
noto-fonts-extra

# Unnecessary packages
linux-zen
linux-zen-headers
zed
firefox
torbrowser-launcher
steam
obsidian
qbittorrent
prismlauncher
nwg-look
nautilus
loupe
blueman
neovim
btop
fish
fastfetch
github-cli
flatpak
7zip
cmatrix
xdg-desktop-portal-hyprland
cups
cups-pdf
gutenprint
mangohud
jdk8-openjdk
jdk17-openjdk
jdk21-openjdk
openal
flite
